#
# A fatal error has been detected by the Java Runtime Environment:
#
#  EXCEPTION_ACCESS_VIOLATION (0xc0000005) at pc=0x00000000757191d5, pid=6728, tid=12636
#
# JRE version: Java(TM) SE Runtime Environment (8.0_20-b23) (build 1.8.0_20-ea-b23)
# Java VM: Java HotSpot(TM) 64-Bit Server VM (25.20-b22 mixed mode windows-amd64 compressed oops)
# Problematic frame:
# V  [jvm.dll+0x1191d5]
#
# Failed to write core dump. Minidumps are not enabled by default on client versions of Windows
#
# If you would like to submit a bug report, please visit:
#   http://bugreport.sun.com/bugreport/crash.jsp
#

---------------  T H R E A D  ---------------

Current thread (0x0000000019afe000):  JavaThread "JDWP Transport Listener: dt_socket" daemon [_thread_in_vm, id=12636, stack(0x000000001c1c0000,0x000000001c2c0000)]

siginfo: ExceptionCode=0xc0000005, reading address 0xffffffffffffffff

Registers:
RAX=0x000000001c2bf201, RBX=0x0000000019afe000, RCX=0x70614d64616f522f, RDX=0x0000000000000000
RSP=0x000000001c2bf2a0, RBP=0x70614d64616f522f, RSI=0x000000001c2bf3b8, RDI=0x0000000004428c30
R8 =0x0000000019afe000, R9 =0x0000000000008000, R10=0x000000001be29380, R11=0x000000001c2bf583
R12=0x0000000000000000, R13=0x0000000019afbb78, R14=0x0000000000000000, R15=0x0000000000000000
RIP=0x00000000757191d5, EFLAGS=0x0000000000010202

Top of Stack: (sp=0x000000001c2bf2a0)
0x000000001c2bf2a0:   0000000019afe000 0000000019afe000
0x000000001c2bf2b0:   000000001c2bf368 000000007591625b
0x000000001c2bf2c0:   0000000019afe000 0000000075932abd
0x000000001c2bf2d0:   0000000000000000 0000000076649149
0x000000001c2bf2e0:   000000001bce0c88 0000000076652912
0x000000001c2bf2f0:   0000000019afe000 0000000000000000
0x000000001c2bf300:   0000000000000000 0000000000000000
0x000000001c2bf310:   70614d64616f522f 0000000076651a09
0x000000001c2bf320:   000000001c2bf3b8 000000001c2bf390
0x000000001c2bf330:   0000000000000001 000000001bce0c88
0x000000001c2bf340:   70614d64616f522f 00000000766353b3
0x000000001c2bf350:   000000001c2bf480 0000000000000001
0x000000001c2bf360:   0000000000000001 000000001bce0c88
0x000000001c2bf370:   0000000000000009 0000000000000000
0x000000001c2bf380:   0000000000000000 0000000000000000
0x000000001c2bf390:   0000000000000001 0000000076635571 

Instructions: (pc=0x00000000757191d5)
0x00000000757191b5:   cc cc cc cc cc cc cc cc cc cc cc 48 83 ec 28 48
0x00000000757191c5:   85 c9 75 07 33 c0 48 83 c4 28 c3 48 89 5c 24 20
0x00000000757191d5:   48 8b 19 48 85 db 74 20 48 83 fb 37 74 1a 48 8b
0x00000000757191e5:   13 48 8b cb ff 52 10 84 c0 74 0d 48 8b c3 48 8b 


Register to memory mapping:

RAX=0x000000001c2bf201 is pointing into the stack for thread: 0x0000000019afe000
RBX=0x0000000019afe000 is a thread
RCX=0x70614d64616f522f is an unknown value
RDX=0x0000000000000000 is an unknown value
RSP=0x000000001c2bf2a0 is pointing into the stack for thread: 0x0000000019afe000
RBP=0x70614d64616f522f is an unknown value
RSI=0x000000001c2bf3b8 is pointing into the stack for thread: 0x0000000019afe000
RDI=0x0000000004428c30 is an unknown value
R8 =0x0000000019afe000 is a thread
R9 =0x0000000000008000 is an unknown value
R10=0x000000001be29380 is an unknown value
R11=0x000000001c2bf583 is pointing into the stack for thread: 0x0000000019afe000
R12=0x0000000000000000 is an unknown value
R13=0x0000000019afbb78 is an unknown value
R14=0x0000000000000000 is an unknown value
R15=0x0000000000000000 is an unknown value


Stack: [0x000000001c1c0000,0x000000001c2c0000],  sp=0x000000001c2bf2a0,  free space=1020k
Native frames: (J=compiled Java code, j=interpreted, Vv=VM code, C=native code)
V  [jvm.dll+0x1191d5]
V  [jvm.dll+0x332abd]
C  [jdwp.dll+0x21a09]
C  [jdwp.dll+0x53b3]
C  [jdwp.dll+0x5571]
C  [jdwp.dll+0xf09c]
C  [jdwp.dll+0x1f2c9]
C  [jdwp.dll+0x1f49e]
V  [jvm.dll+0x1aa958]
V  [jvm.dll+0x22a854]
V  [jvm.dll+0x283d5a]
C  [msvcr100.dll+0x21d9f]
C  [msvcr100.dll+0x21e3b]
C  [KERNEL32.DLL+0x11fe4]
C  [ntdll.dll+0x6ef91]


---------------  P R O C E S S  ---------------

Java Threads: ( => current thread )
  0x000000001bd68800 JavaThread "Service Thread" daemon [_thread_blocked, id=11756, stack(0x000000001c8c0000,0x000000001c9c0000)]
  0x000000001bcef800 JavaThread "C1 CompilerThread3" daemon [_thread_blocked, id=9292, stack(0x000000001c7c0000,0x000000001c8c0000)]
  0x000000001bcee800 JavaThread "C2 CompilerThread2" daemon [_thread_blocked, id=12672, stack(0x000000001c6c0000,0x000000001c7c0000)]
  0x000000001bcdf800 JavaThread "C2 CompilerThread1" daemon [_thread_blocked, id=12644, stack(0x000000001c5c0000,0x000000001c6c0000)]
  0x000000001bcde800 JavaThread "C2 CompilerThread0" daemon [_thread_blocked, id=10964, stack(0x000000001c4c0000,0x000000001c5c0000)]
  0x000000001bc5f000 JavaThread "JDWP Command Reader" daemon [_thread_in_native, id=1300, stack(0x000000001c3c0000,0x000000001c4c0000)]
  0x000000001bc5e000 JavaThread "JDWP Event Helper Thread" daemon [_thread_blocked, id=7140, stack(0x000000001c2c0000,0x000000001c3c0000)]
=>0x0000000019afe000 JavaThread "JDWP Transport Listener: dt_socket" daemon [_thread_in_vm, id=12636, stack(0x000000001c1c0000,0x000000001c2c0000)]
  0x000000001bc04000 JavaThread "Attach Listener" daemon [_thread_blocked, id=12412, stack(0x000000001c0c0000,0x000000001c1c0000)]
  0x000000001bc03800 JavaThread "Signal Dispatcher" daemon [_thread_blocked, id=12508, stack(0x000000001bfc0000,0x000000001c0c0000)]
  0x0000000004b7b000 JavaThread "Finalizer" daemon [_thread_blocked, id=11524, stack(0x000000001b9c0000,0x000000001bac0000)]
  0x0000000019aec000 JavaThread "Reference Handler" daemon [_thread_blocked, id=6688, stack(0x000000001b8c0000,0x000000001b9c0000)]
  0x0000000004a83000 JavaThread "main" [_thread_blocked, id=13884, stack(0x00000000047b0000,0x00000000048b0000)]

Other Threads:
  0x0000000019ae6800 VMThread [stack: 0x000000001b7c0000,0x000000001b8c0000] [id=14812]
  0x000000001bd6c800 WatcherThread [stack: 0x000000001c9c0000,0x000000001cac0000] [id=11292]

VM state:not at safepoint (normal execution)

VM Mutex/Monitor currently owned by a thread: None

Heap:
 PSYoungGen      total 38400K, used 4681K [0x00000000d5f80000, 0x00000000d8a00000, 0x0000000100000000)
  eden space 33280K, 14% used [0x00000000d5f80000,0x00000000d6412698,0x00000000d8000000)
  from space 5120K, 0% used [0x00000000d8500000,0x00000000d8500000,0x00000000d8a00000)
  to   space 5120K, 0% used [0x00000000d8000000,0x00000000d8000000,0x00000000d8500000)
 ParOldGen       total 87552K, used 0K [0x0000000081e00000, 0x0000000087380000, 0x00000000d5f80000)
  object space 87552K, 0% used [0x0000000081e00000,0x0000000081e00000,0x0000000087380000)
 Metaspace       used 3269K, capacity 4728K, committed 4864K, reserved 1056768K
  class space    used 346K, capacity 424K, committed 512K, reserved 1048576K

Card table byte_map: [0x0000000013f40000,0x0000000014340000] byte_map_base: 0x0000000013b31000

Marking Bits: (ParMarkBitMap*) 0x0000000075ddb460
 Begin Bits: [0x0000000014df0000, 0x0000000016d78000)
 End Bits:   [0x0000000016d78000, 0x0000000018d00000)

Polling page: 0x0000000002bd0000

CodeCache: size=245760Kb used=1143Kb max_used=1143Kb free=244616Kb
 bounds [0x0000000004b80000, 0x0000000004df0000, 0x0000000013b80000]
 total_blobs=274 nmethods=37 adapters=160
 compilation: enabled

Compilation events (10 events):
Event: 12.007 Thread 0x000000001bcef800   33       3       java.util.Arrays::copyOf (19 bytes)
Event: 12.008 Thread 0x000000001bcef800 nmethod 33 0x0000000004c9c410 code [0x0000000004c9c580, 0x0000000004c9c8c8]
Event: 78.197 Thread 0x000000001bcef800   34       3       java.lang.String::getChars (62 bytes)
Event: 78.198 Thread 0x000000001bcef800 nmethod 34 0x0000000004c9ca10 code [0x0000000004c9cbe0, 0x0000000004c9d098]
Event: 78.198 Thread 0x000000001bcef800   35       3       java.lang.StringBuilder::append (8 bytes)
Event: 78.199 Thread 0x000000001bcef800 nmethod 35 0x0000000004c9d350 code [0x0000000004c9d4c0, 0x0000000004c9d668]
Event: 306.471 Thread 0x000000001bcef800   36       3       java.util.HashMap::hash (20 bytes)
Event: 306.472 Thread 0x000000001bcef800 nmethod 36 0x0000000004c9d710 code [0x0000000004c9d880, 0x0000000004c9dae8]
Event: 353.854 Thread 0x000000001bcef800   37       3       java.util.HashMap::get (23 bytes)
Event: 353.855 Thread 0x000000001bcef800 nmethod 37 0x0000000004c9db90 code [0x0000000004c9dd20, 0x0000000004c9e138]

GC Heap History (0 events):
No events

Deoptimization events (0 events):
No events

Internal exceptions (10 events):
Event: 0.266 Thread 0x0000000004a83000 Exception <a 'java/security/PrivilegedActionException'> (0x00000000d6281d98) thrown at [C:\re\workspace\8-2-build-windows-amd64-cygwin\jdk8u20\927.nc\hotspot\src\share\vm\prims\jvm.cpp, line 1275]
Event: 0.267 Thread 0x0000000004a83000 Exception <a 'java/security/PrivilegedActionException'> (0x00000000d628a020) thrown at [C:\re\workspace\8-2-build-windows-amd64-cygwin\jdk8u20\927.nc\hotspot\src\share\vm\prims\jvm.cpp, line 1275]
Event: 0.269 Thread 0x0000000004a83000 Exception <a 'java/security/PrivilegedActionException'> (0x00000000d6298a50) thrown at [C:\re\workspace\8-2-build-windows-amd64-cygwin\jdk8u20\927.nc\hotspot\src\share\vm\prims\jvm.cpp, line 1275]
Event: 0.270 Thread 0x0000000004a83000 Exception <a 'java/security/PrivilegedActionException'> (0x00000000d62b4310) thrown at [C:\re\workspace\8-2-build-windows-amd64-cygwin\jdk8u20\927.nc\hotspot\src\share\vm\prims\jvm.cpp, line 1275]
Event: 0.275 Thread 0x0000000004a83000 Exception <a 'java/security/PrivilegedActionException'> (0x00000000d62db2b0) thrown at [C:\re\workspace\8-2-build-windows-amd64-cygwin\jdk8u20\927.nc\hotspot\src\share\vm\prims\jvm.cpp, line 1275]
Event: 0.278 Thread 0x0000000004a83000 Exception <a 'java/security/PrivilegedActionException'> (0x00000000d62e2428) thrown at [C:\re\workspace\8-2-build-windows-amd64-cygwin\jdk8u20\927.nc\hotspot\src\share\vm\prims\jvm.cpp, line 1275]
Event: 0.279 Thread 0x0000000004a83000 Exception <a 'java/security/PrivilegedActionException'> (0x00000000d62e4be8) thrown at [C:\re\workspace\8-2-build-windows-amd64-cygwin\jdk8u20\927.nc\hotspot\src\share\vm\prims\jvm.cpp, line 1275]
Event: 0.280 Thread 0x0000000004a83000 Exception <a 'java/security/PrivilegedActionException'> (0x00000000d62e8568) thrown at [C:\re\workspace\8-2-build-windows-amd64-cygwin\jdk8u20\927.nc\hotspot\src\share\vm\prims\jvm.cpp, line 1275]
Event: 0.284 Thread 0x0000000004a83000 Exception <a 'java/security/PrivilegedActionException'> (0x00000000d62eb460) thrown at [C:\re\workspace\8-2-build-windows-amd64-cygwin\jdk8u20\927.nc\hotspot\src\share\vm\prims\jvm.cpp, line 1275]
Event: 0.285 Thread 0x0000000004a83000 Exception <a 'java/security/PrivilegedActionException'> (0x00000000d62edf28) thrown at [C:\re\workspace\8-2-build-windows-amd64-cygwin\jdk8u20\927.nc\hotspot\src\share\vm\prims\jvm.cpp, line 1275]

Events (10 events):
Event: 4418.784 Executing VM operation: ChangeBreakpoints
Event: 4418.785 Executing VM operation: ChangeBreakpoints done
Event: 4418.787 Executing VM operation: RedefineClasses
Event: 4418.788 Executing VM operation: RedefineClasses done
Event: 4418.789 Executing VM operation: GetOrSetLocal
Event: 4418.789 Executing VM operation: GetOrSetLocal done
Event: 4418.833 Executing VM operation: ChangeBreakpoints
Event: 4418.833 Executing VM operation: ChangeBreakpoints done
Event: 4461.868 Executing VM operation: ChangeBreakpoints
Event: 4461.868 Executing VM operation: ChangeBreakpoints done


Dynamic libraries:
0x00007ff623040000 - 0x00007ff623074000 	C:\Program Files\Java\jdk1.8.0_20\bin\java.exe
0x00007fffe3940000 - 0x00007fffe3b20000 	C:\WINDOWS\SYSTEM32\ntdll.dll
0x00007fffe0e40000 - 0x00007fffe0eee000 	C:\WINDOWS\System32\KERNEL32.DLL
0x00007fffe0800000 - 0x00007fffe0a66000 	C:\WINDOWS\System32\KERNELBASE.dll
0x00007fffe31d0000 - 0x00007fffe3271000 	C:\WINDOWS\System32\ADVAPI32.dll
0x00007fffe3130000 - 0x00007fffe31cd000 	C:\WINDOWS\System32\msvcrt.dll
0x00007fffe2dc0000 - 0x00007fffe2e1b000 	C:\WINDOWS\System32\sechost.dll
0x00007fffe2650000 - 0x00007fffe276f000 	C:\WINDOWS\System32\RPCRT4.dll
0x00007fffe33f0000 - 0x00007fffe357f000 	C:\WINDOWS\System32\USER32.dll
0x00007fffe0b20000 - 0x00007fffe0b40000 	C:\WINDOWS\System32\win32u.dll
0x00007fffe2770000 - 0x00007fffe2798000 	C:\WINDOWS\System32\GDI32.dll
0x00007fffdff10000 - 0x00007fffe00a3000 	C:\WINDOWS\System32\gdi32full.dll
0x00007fffe0b40000 - 0x00007fffe0bdb000 	C:\WINDOWS\System32\msvcp_win.dll
0x00007fffe0cb0000 - 0x00007fffe0da6000 	C:\WINDOWS\System32\ucrtbase.dll
0x00007fffd1820000 - 0x00007fffd1a89000 	C:\WINDOWS\WinSxS\amd64_microsoft.windows.common-controls_6595b64144ccf1df_6.0.16299.98_none_cc930a042215c348\COMCTL32.dll
0x00007fffe2e20000 - 0x00007fffe3128000 	C:\WINDOWS\System32\combase.dll
0x00007fffe0be0000 - 0x00007fffe0c52000 	C:\WINDOWS\System32\bcryptPrimitives.dll
0x00007fffe0e10000 - 0x00007fffe0e3d000 	C:\WINDOWS\System32\IMM32.DLL
0x0000000076740000 - 0x0000000076812000 	C:\Program Files\Java\jdk1.8.0_20\jre\bin\msvcr100.dll
0x0000000075600000 - 0x0000000075e58000 	C:\Program Files\Java\jdk1.8.0_20\jre\bin\server\jvm.dll
0x00007fffe3900000 - 0x00007fffe3908000 	C:\WINDOWS\System32\PSAPI.DLL
0x00007fffd8190000 - 0x00007fffd8199000 	C:\WINDOWS\SYSTEM32\WSOCK32.dll
0x00007fffd6ed0000 - 0x00007fffd6ef3000 	C:\WINDOWS\SYSTEM32\WINMM.dll
0x00007fffe23d0000 - 0x00007fffe243c000 	C:\WINDOWS\System32\WS2_32.dll
0x00007fffd6ea0000 - 0x00007fffd6eca000 	C:\WINDOWS\SYSTEM32\WINMMBASE.dll
0x00007fffe0c60000 - 0x00007fffe0caa000 	C:\WINDOWS\System32\cfgmgr32.dll
0x00000000773a0000 - 0x00000000773af000 	C:\Program Files\Java\jdk1.8.0_20\jre\bin\verify.dll
0x0000000077370000 - 0x0000000077398000 	C:\Program Files\Java\jdk1.8.0_20\jre\bin\java.dll
0x0000000076630000 - 0x0000000076665000 	C:\Program Files\Java\jdk1.8.0_20\jre\bin\jdwp.dll
0x0000000077340000 - 0x0000000077348000 	C:\Program Files\Java\jdk1.8.0_20\jre\bin\npt.dll
0x0000000076450000 - 0x0000000076473000 	C:\Program Files\Java\jdk1.8.0_20\jre\bin\instrument.dll
0x0000000077350000 - 0x0000000077366000 	C:\Program Files\Java\jdk1.8.0_20\jre\bin\zip.dll
0x00007fffe0ef0000 - 0x00007fffe2326000 	C:\WINDOWS\System32\SHELL32.dll
0x00007fffe35e0000 - 0x00007fffe3686000 	C:\WINDOWS\System32\shcore.dll
0x00007fffe00b0000 - 0x00007fffe07f7000 	C:\WINDOWS\System32\windows.storage.dll
0x00007fffe3580000 - 0x00007fffe35d1000 	C:\WINDOWS\System32\shlwapi.dll
0x00007fffdfd20000 - 0x00007fffdfd31000 	C:\WINDOWS\System32\kernel.appcore.dll
0x00007fffdfcb0000 - 0x00007fffdfcfc000 	C:\WINDOWS\System32\powrprof.dll
0x00007fffdfc90000 - 0x00007fffdfcab000 	C:\WINDOWS\System32\profapi.dll
0x0000000076440000 - 0x0000000076449000 	C:\Program Files\Java\jdk1.8.0_20\jre\bin\dt_socket.dll
0x00007fffdf4c0000 - 0x00007fffdf526000 	C:\WINDOWS\system32\mswsock.dll
0x00007fffd44f0000 - 0x00007fffd46b8000 	C:\WINDOWS\SYSTEM32\dbghelp.dll

VM Arguments:
jvm_args: -agentlib:jdwp=transport=dt_socket,address=127.0.0.1:61608,suspend=y,server=n -javaagent:C:\Users\Zihan\.IdeaIC2017.3\system\captureAgent\debugger-agent.jar=C:\Users\Zihan\AppData\Local\Temp\capture1217.props -Dfile.encoding=UTF-8 
java_command: proj.App
java_class_path (initial): C:\Program Files\Java\jdk1.8.0_20\jre\lib\charsets.jar;C:\Program Files\Java\jdk1.8.0_20\jre\lib\deploy.jar;C:\Program Files\Java\jdk1.8.0_20\jre\lib\ext\access-bridge-64.jar;C:\Program Files\Java\jdk1.8.0_20\jre\lib\ext\cldrdata.jar;C:\Program Files\Java\jdk1.8.0_20\jre\lib\ext\dnsns.jar;C:\Program Files\Java\jdk1.8.0_20\jre\lib\ext\jaccess.jar;C:\Program Files\Java\jdk1.8.0_20\jre\lib\ext\jfxrt.jar;C:\Program Files\Java\jdk1.8.0_20\jre\lib\ext\localedata.jar;C:\Program Files\Java\jdk1.8.0_20\jre\lib\ext\nashorn.jar;C:\Program Files\Java\jdk1.8.0_20\jre\lib\ext\sunec.jar;C:\Program Files\Java\jdk1.8.0_20\jre\lib\ext\sunjce_provider.jar;C:\Program Files\Java\jdk1.8.0_20\jre\lib\ext\sunmscapi.jar;C:\Program Files\Java\jdk1.8.0_20\jre\lib\ext\sunpkcs11.jar;C:\Program Files\Java\jdk1.8.0_20\jre\lib\ext\zipfs.jar;C:\Program Files\Java\jdk1.8.0_20\jre\lib\javaws.jar;C:\Program Files\Java\jdk1.8.0_20\jre\lib\jce.jar;C:\Program Files\Java\jdk1.8.0_20\jre\lib\jfr.jar;C:\Program Files\Java\jdk1.8.0_20\jre\lib\jfxswt.jar;C:\Program Files\Java\jdk1.8.0_20\jre\lib\jsse.jar;C:\Program Files\Java\jdk1.8.0_20\jre\lib\management-agent.jar;C:\Program Files\Java\jdk1.8.0_20\jre\lib\plugin.jar;C:\Program Files\Java\jdk1.8.0_20\jre\lib\resources.jar;C:\Program Files\Java\jdk1.8.0_20\jre\lib\rt.jar;C:\Users\Zihan\IdeaProjects\Coding_Practice\out\production\TheoryOfComputation;C:\Program Files\JetBrains\IntelliJ IDEA Community Edition 2017.3\lib\idea_rt.jar;C:\Users\Zihan\.IdeaIC2017.3\system\captureAgent\debugger-agent.jar
Launcher Type: SUN_STANDARD

Environment Variables:
JAVA_HOME=C:\Program Files\Java\jdk1.7.0_21
CLASSPATH=.;C:\Program Files\Java\jdk1.7.0_21\lib\dt.jar;C:\Program Files\Java\jdk1.7.0_21\lib\tools.jar;C:\Program Files\JUnit\junit-4.8.1.jar;
PATH=C:\Program Files (x86)\Git\bin;C:\Program Files (x86)\Git\bin;C:\ProgramData\Oracle\Java\javapath;C:\Program Files\Java\jdk1.7.0_21\bin;C:\Program Files (x86)\ATI Technologies\ATI.ACE\Core-Static;C:\Program Files (x86)\Windows Live\Shared;C:\Windows\System32;%M2_HOME%\bin;C:\Windows\System32\curl-7.39.0;C:\WINDOWS\system32;C:\WINDOWS;C:\WINDOWS\System32\Wbem;C:\WINDOWS\System32\WindowsPowerShell\v1.0\;C:\Program Files (x86)\Skype\Phone\;C:\Program Files\Git\cmd;C:\Users\Zihan\AppData\Local\Programs\Python\Python36-32\Scripts\;C:\Users\Zihan\AppData\Local\Programs\Python\Python36-32\;C:\Users\Zihan\AppData\Local\Programs\Python\Python35-32\Scripts\;C:\Users\Zihan\AppData\Local\Programs\Python\Python35-32\;C:\Program Files\Apache Software Foundation\apache-maven-3.2.2\bin;C:\Users\Zihan\AppData\Local\Enthought\Canopy32\User\Scripts;C:\Program Files\Java\jdk1.7.0_21/bin;C:\Program Files\Java\jdk1.7.0_21/jre/bin;C:\Windows\System32;C:\Program Files (x86)\Google\google_appengine\C:\curl-7.39.0;C:\Users\Zihan\AppData\Local\Microsoft\WindowsApps;%PYTHONHOME%;
USERNAME=Zihan
OS=Windows_NT
PROCESSOR_IDENTIFIER=Intel64 Family 6 Model 58 Stepping 9, GenuineIntel



---------------  S Y S T E M  ---------------

OS: Windows 8.1 , 64 bit Build 9600 

CPU:total 8 (4 cores per cpu, 2 threads per core) family 6 model 58 stepping 9, cmov, cx8, fxsr, mmx, sse, sse2, sse3, ssse3, sse4.1, sse4.2, popcnt, avx, aes, clmul, erms, ht, tsc, tscinvbit, tscinv

Memory: 4k page, physical 8260968k(1669344k free), swap 16649576k(6017132k free)

vm_info: Java HotSpot(TM) 64-Bit Server VM (25.20-b22) for windows-amd64 JRE (1.8.0_20-ea-b23), built on Jul 16 2014 01:43:33 by "java_re" with MS VC++ 10.0 (VS2010)

time: Mon Dec 11 01:15:59 2017
elapsed time: 4502 seconds (0d 1h 15m 2s)

